<?xml version="1.0" encoding="UTF-8"?>
<!-- Generated by org.testng.reporters.JUnitReportReporter -->
<testsuite hostname="Savostytskyi" name="epam.com.game.players.ComputerTest" tests="1" failures="0" timestamp="17 May 2015 19:41:07 GMT" time="0.001" errors="0">
  <testcase name="checkTestComp" time="0.001" classname="epam.com.game.players.ComputerTest"/>
</testsuite> <!-- epam.com.game.players.ComputerTest -->
