<?xml version="1.0" encoding="UTF-8"?>
<!-- Generated by org.testng.reporters.JUnitReportReporter -->
<testsuite hostname="EPUAKHAW0236" name="epam.com.game.GameTest" tests="7" failures="0" timestamp="18 May 2015 11:20:45 GMT" time="2.804" errors="0">
  <testcase name="prepareGameTestF" time="0.000" classname="epam.com.game.GameTest"/>
  <testcase name="prepareGameTestF" time="0.000" classname="epam.com.game.GameTest"/>
  <testcase name="buildTest" time="0.169" classname="epam.com.game.GameTest"/>
  <testcase name="prepareGameTestF" time="0.000" classname="epam.com.game.GameTest"/>
  <testcase name="prepareGameTest" time="0.974" classname="epam.com.game.GameTest"/>
  <testcase name="prepareGameTest" time="1.661" classname="epam.com.game.GameTest"/>
  <testcase name="prepareGameTestF" time="0.000" classname="epam.com.game.GameTest"/>
</testsuite> <!-- epam.com.game.GameTest -->
